TN:
SF:src/index.js
FN:14,isValidDelimiter
FN:42,mathInline
FN:123,mathBlock
FN:191,escapeHtml
FN:200,mathPlugin
FN:205,katexInline
FN:221,inlineRenderer
FN:225,katexBlock
FN:241,blockRenderer
FNF:9
FNH:8
FNDA:39,isValidDelimiter
FNDA:43,mathInline
FNDA:34,mathBlock
FNDA:0,escapeHtml
FNDA:1,mathPlugin
FNDA:9,katexInline
FNDA:9,inlineRenderer
FNDA:8,katexBlock
FNDA:8,blockRenderer
DA:15,39
DA:17,39
DA:18,39
DA:20,39
DA:21,39
DA:25,39
DA:30,23
DA:32,39
DA:33,9
DA:36,39
DA:48,43
DA:49,17
DA:52,26
DA:54,26
DA:55,4
DA:56,4
DA:58,4
DA:59,4
DA:66,22
DA:67,22
DA:70,22
DA:73,17
DA:74,17
DA:75,0
DA:79,17
DA:80,17
DA:82,0
DA:86,22
DA:87,5
DA:88,5
DA:90,5
DA:91,5
DA:95,17
DA:96,4
DA:97,4
DA:99,4
DA:100,4
DA:104,13
DA:105,13
DA:106,4
DA:107,4
DA:109,4
DA:110,4
DA:113,9
DA:114,9
DA:115,9
DA:116,9
DA:119,9
DA:120,9
DA:128,34
DA:129,34
DA:130,34
DA:132,34
DA:133,0
DA:135,34
DA:136,24
DA:139,10
DA:140,10
DA:142,10
DA:143,2
DA:145,8
DA:147,2
DA:148,2
DA:151,8
DA:152,18
DA:154,18
DA:155,1
DA:158,17
DA:159,17
DA:161,17
DA:163,0
DA:166,17
DA:172,5
DA:173,5
DA:174,5
DA:178,8
DA:180,8
DA:181,8
DA:182,8
DA:186,8
DA:187,8
DA:188,8
DA:192,0
DA:202,1
DA:206,9
DA:208,9
DA:209,9
DA:211,0
DA:213,0
DA:215,0
DA:222,9
DA:226,8
DA:228,8
DA:229,8
DA:231,0
DA:233,0
DA:235,0
DA:242,8
DA:245,1
DA:246,1
DA:249,1
DA:250,1
LF:102
LH:91
BRDA:20,0,0,36
BRDA:20,0,1,3
BRDA:21,1,0,39
BRDA:21,1,1,0
BRDA:25,2,0,23
BRDA:25,2,1,16
BRDA:26,3,0,39
BRDA:26,3,1,21
BRDA:26,3,2,21
BRDA:26,3,3,8
BRDA:32,4,0,9
BRDA:32,4,1,30
BRDA:32,5,0,39
BRDA:32,5,1,30
BRDA:48,6,0,17
BRDA:48,6,1,26
BRDA:54,7,0,4
BRDA:54,7,1,22
BRDA:55,8,0,4
BRDA:55,8,1,0
BRDA:79,9,0,17
BRDA:79,9,1,0
BRDA:86,10,0,5
BRDA:86,10,1,17
BRDA:87,11,0,5
BRDA:87,11,1,0
BRDA:95,12,0,4
BRDA:95,12,1,13
BRDA:96,13,0,4
BRDA:96,13,1,0
BRDA:105,14,0,4
BRDA:105,14,1,9
BRDA:106,15,0,4
BRDA:106,15,1,0
BRDA:113,16,0,9
BRDA:113,16,1,0
BRDA:132,17,0,0
BRDA:132,17,1,34
BRDA:135,18,0,24
BRDA:135,18,1,10
BRDA:142,19,0,2
BRDA:142,19,1,8
BRDA:145,20,0,2
BRDA:145,20,1,6
BRDA:154,21,0,1
BRDA:154,21,1,17
BRDA:161,22,0,0
BRDA:161,22,1,17
BRDA:161,23,0,17
BRDA:161,23,1,14
BRDA:166,24,0,5
BRDA:166,24,1,12
BRDA:183,25,0,3
BRDA:183,25,1,5
BRDA:183,26,0,8
BRDA:183,26,1,3
BRDA:185,27,0,1
BRDA:185,27,1,7
BRDA:185,28,0,8
BRDA:185,28,1,1
BRDA:202,29,0,1
BRDA:202,29,1,1
BRDA:211,30,0,0
BRDA:211,30,1,0
BRDA:231,31,0,0
BRDA:231,31,1,0
BRF:66
BRH:53
end_of_record
